Removed Member From Class: ClassName=STM32 Member=C21
Change Component Designator: OldDesignator=C1 NewDesignator=C2
Change Component Designator: OldDesignator=C2 NewDesignator=C1
Change Component Designator: OldDesignator=C6 NewDesignator=C7
Change Component Designator: OldDesignator=C7 NewDesignator=C8
Change Component Designator: OldDesignator=C8 NewDesignator=C9
Change Component Designator: OldDesignator=C9 NewDesignator=C10
Change Component Designator: OldDesignator=C10 NewDesignator=C11
Change Component Designator: OldDesignator=C14 NewDesignator=C12
Change Component Designator: OldDesignator=C16 NewDesignator=C13
Change Component Designator: OldDesignator=C17 NewDesignator=C19
Change Component Designator: OldDesignator=C18 NewDesignator=C14
Change Component Designator: OldDesignator=C19 NewDesignator=C15
Change Component Designator: OldDesignator=C20 NewDesignator=C16
Change Component Designator: OldDesignator=C21 NewDesignator=C17
Change Component Designator: OldDesignator=C22 NewDesignator=C18
Change Component Designator: OldDesignator=P5 NewDesignator=P7
Change Component Designator: OldDesignator=P6 NewDesignator=P9
Change Component Designator: OldDesignator=P7 NewDesignator=P8
Change Component Designator: OldDesignator=P8 NewDesignator=P10
Change Component Designator: OldDesignator=P10 NewDesignator=P5
Change Component Designator: OldDesignator=P15 NewDesignator=P6
Change Component Designator: OldDesignator=R1 NewDesignator=R4
Change Component Designator: OldDesignator=R4 NewDesignator=R1
Change Component Designator: OldDesignator=R5 NewDesignator=R3
Change Component Designator: OldDesignator=R6 NewDesignator=R2
Added Component: Designator=C6(0603)
Added Pin To Net: NetName=GND Pin=C5-1
Added Pin To Net: NetName=VCC_3 Pin=C5-2
Change Net Name : Old Net Name=NetC2_1 New Net Name=NetC1_1
Change Net Name : Old Net Name=NetC6_2 New Net Name=NetC7_2
Change Net Name : Old Net Name=NetC7_2 New Net Name=NetC8_2
Change Net Name : Old Net Name=NetR5_1 New Net Name=NetR3_1
Change Net Name : Old Net Name=NetR6_2 New Net Name=NetR2_2
Added Pin To Net: NetName=NetC6_1 Pin=C6-1
Added Pin To Net: NetName=NetC6_1 Pin=U2-8
Added Net: Name=NetC6_1
Added Pin To Net: NetName=NetC6_2 Pin=C6-2
Added Pin To Net: NetName=NetC6_2 Pin=U2-12
Added Net: Name=NetC6_2
Added Member To Class: ClassName=mainboard Member=Component C7 Cap
Added Member To Class: ClassName=STM32 Member=Component C19 Cap
