Removed Pin From Net: NetName=PWM_LEFT Pin=U4-14
Removed Pin From Net: NetName=PWM_RIGHT Pin=U4-15
Removed Member From Class: ClassName=power Member=P10
Change Component Footprint: Designator=P10 Old Footprint=MICRO_USB New Footprint=HDR1X12
Change Component Comment : Designator=P10 Old Comment=Header 5 New Comment=Header 12
Added Component: Designator=P9(HDR1X12)
Added Component: Designator=P11(HDR1X12)
Added Component: Designator=P12(HDR1X12)
Added Pin To Net: NetName=PWM_LEFT Pin=U4-18
Added Pin To Net: NetName=PWM_RIGHT Pin=U4-19
Added Pin To Net: NetName=1 Pin=P9-1
Added Net: Name=1
Added Pin To Net: NetName=2 Pin=P9-2
Added Net: Name=2
Added Pin To Net: NetName=3 Pin=P9-3
Added Net: Name=3
Added Pin To Net: NetName=4 Pin=P9-4
Added Net: Name=4
Added Pin To Net: NetName=5 Pin=P9-5
Added Net: Name=5
Added Pin To Net: NetName=6 Pin=P9-6
Added Net: Name=6
Added Pin To Net: NetName=7 Pin=P9-7
Added Net: Name=7
Added Pin To Net: NetName=8 Pin=P9-8
Added Net: Name=8
Added Pin To Net: NetName=9 Pin=P9-9
Added Net: Name=9
Added Pin To Net: NetName=10 Pin=P9-10
Added Net: Name=10
Added Pin To Net: NetName=11 Pin=P9-11
Added Net: Name=11
Added Pin To Net: NetName=12 Pin=P9-12
Added Net: Name=12
Added Pin To Net: NetName=13 Pin=P10-1
Added Net: Name=13
Added Pin To Net: NetName=14 Pin=P10-2
Added Net: Name=14
Added Pin To Net: NetName=15 Pin=P10-3
Added Net: Name=15
Added Pin To Net: NetName=16 Pin=P10-4
Added Net: Name=16
Added Pin To Net: NetName=17 Pin=P10-5
Added Net: Name=17
Added Net: Name=18
Added Net: Name=19
Added Net: Name=20
Added Net: Name=21
Added Net: Name=22
Added Net: Name=23
Added Net: Name=24
Added Pin To Net: NetName=25 Pin=P11-1
Added Net: Name=25
Added Pin To Net: NetName=26 Pin=P11-2
Added Net: Name=26
Added Pin To Net: NetName=27 Pin=P11-3
Added Net: Name=27
Added Pin To Net: NetName=28 Pin=P11-4
Added Net: Name=28
Added Pin To Net: NetName=29 Pin=P11-5
Added Net: Name=29
Added Pin To Net: NetName=30 Pin=P11-6
Added Net: Name=30
Added Pin To Net: NetName=31 Pin=P11-7
Added Net: Name=31
Added Pin To Net: NetName=32 Pin=P11-8
Added Net: Name=32
Added Pin To Net: NetName=33 Pin=P11-9
Added Net: Name=33
Added Pin To Net: NetName=34 Pin=P11-10
Added Net: Name=34
Added Pin To Net: NetName=35 Pin=P11-11
Added Net: Name=35
Added Pin To Net: NetName=36 Pin=P11-12
Added Net: Name=36
Added Pin To Net: NetName=37 Pin=P12-1
Added Net: Name=37
Added Pin To Net: NetName=38 Pin=P12-2
Added Net: Name=38
Added Pin To Net: NetName=39 Pin=P12-3
Added Net: Name=39
Added Pin To Net: NetName=40 Pin=P12-4
Added Net: Name=40
Added Pin To Net: NetName=41 Pin=P12-5
Added Net: Name=41
Added Pin To Net: NetName=42 Pin=P12-6
Added Net: Name=42
Added Pin To Net: NetName=43 Pin=P12-7
Added Net: Name=43
Added Pin To Net: NetName=44 Pin=P12-8
Added Net: Name=44
Added Pin To Net: NetName=45 Pin=P12-9
Added Net: Name=45
Added Pin To Net: NetName=46 Pin=P12-10
Added Net: Name=46
Added Pin To Net: NetName=47 Pin=P12-11
Added Net: Name=47
Added Pin To Net: NetName=48 Pin=P12-12
Added Net: Name=48
Added Member To Class: ClassName=STM32 Member=Component P9 Header 12
Added Member To Class: ClassName=STM32 Member=Component P10 Header 12
Added Member To Class: ClassName=STM32 Member=Component P11 Header 12
Added Member To Class: ClassName=STM32 Member=Component P12 Header 12
Added Room: Name=mainboard
Added Room: Name=power
Added Room: Name=STM32
