Remove Pin=D1_1-1 From Net=VCC12
Remove Pin=P?-1 From Net=VCC12
Remove Pin=P?-1 From Net=VCC12
Remove Pin=P?-1 From Net=VCC12
Remove Pin=P?-2 From Net=GND
Remove Pin=P?-2 From Net=GND
Remove Pin=P?-2 From Net=GND
Remove Pin=P?-3 From Net=PWM_DOWN
Remove Pin=P?-3 From Net=PWM_LEFT
Remove Pin=P?-3 From Net=PWM_RIGHT
Remove Pin=P?-4 From Net=CONTROL_LEFT
Remove Pin=P?-4 From Net=CONTROL_RIGHT
Remove Pin=U1-6 From Net=AUX_DA
Remove Pin=U1-7 From Net=AUX_CL
Remove Pin=U1-12 From Net=6050_INT
Remove Pin=U1-23 From Net=IIC_SCL
Remove Pin=U1-24 From Net=IIC_SDA
Remove Pin=U2-1 From Net=IIC_SCL
Remove Pin=U3-2 From Net=NETLABEL261
Remove Pin=U3-3 From Net=NETLABEL260
Remove Pin=U3-4 From Net=NETLABEL259
Remove Pin=U3-5 From Net=EXTAL
Remove Pin=U3-6 From Net=XTAL
Remove Pin=U3-7 From Net=NRST
Remove Pin=U3-10 From Net=PWM_UP
Remove Pin=U3-11 From Net=PWM_DOWN
Remove Pin=U3-12 From Net=PWM_LEFT
Remove Pin=U3-13 From Net=PWM_RIGHT
Remove Pin=U3-14 From Net=NETLABEL253
Remove Pin=U3-15 From Net=NETLABEL252
Remove Pin=U3-16 From Net=NETLABEL251
Remove Pin=U3-17 From Net=NETLABEL250
Remove Pin=U3-18 From Net=NETLABEL249
Remove Pin=U3-19 From Net=NETLABEL248
Remove Pin=U3-20 From Net=NETLABEL247
Remove Pin=U3-21 From Net=NETLABEL246
Remove Pin=U3-22 From Net=NETLABEL245
Remove Pin=U3-25 From Net=DRDY
Remove Pin=U3-26 From Net=INT
Remove Pin=U3-27 From Net=NETLABEL242
Remove Pin=U3-28 From Net=NETLABEL241
Remove Pin=U3-29 From Net=NETLABEL240
Remove Pin=U3-30 From Net=NETLABEL239
Remove Pin=U3-31 From Net=NETLABEL238
Remove Pin=U3-32 From Net=NETLABEL237
Remove Pin=U3-33 From Net=NETLABEL236
Remove Pin=U3-34 From Net=NETLABEL235
Change Pin Designator/Name:  Old Designator=C?-1 Old Name=1 New Designator =1 New Name=1
Change Pin Designator/Name:  Old Designator=C?-1 Old Name=1 New Designator =2 New Name=2
Change Pin Designator/Name:  Old Designator=P?-3 Old Name=3 New Designator =3 New Name=3
