Removed Member From Class: ClassName=STM32 Member=U3
Added Component: Designator=U4(TQFP48_L)
Added Pin To Net: NetName=NETLABEL261 Pin=U4-2
Added Pin To Net: NetName=NETLABEL260 Pin=U4-3
Added Pin To Net: NetName=NETLABEL259 Pin=U4-4
Added Pin To Net: NetName=EXTAL Pin=U4-5
Added Pin To Net: NetName=XTAL Pin=U4-6
Added Pin To Net: NetName=NRST Pin=U4-7
Added Pin To Net: NetName=GND Pin=U4-8
Added Pin To Net: NetName=VCC Pin=U4-9
Added Pin To Net: NetName=PWM_UP Pin=U4-10
Added Pin To Net: NetName=PWM_DOWN Pin=U4-11
Added Pin To Net: NetName=PWM_LEFT Pin=U4-12
Added Pin To Net: NetName=PWM_RIGHT Pin=U4-13
Added Pin To Net: NetName=NETLABEL253 Pin=U4-14
Added Pin To Net: NetName=NETLABEL252 Pin=U4-15
Added Pin To Net: NetName=NETLABEL251 Pin=U4-16
Added Pin To Net: NetName=NETLABEL250 Pin=U4-17
Added Pin To Net: NetName=NETLABEL249 Pin=U4-18
Added Pin To Net: NetName=NETLABEL248 Pin=U4-19
Added Pin To Net: NetName=NETLABEL247 Pin=U4-20
Added Pin To Net: NetName=NETLABEL246 Pin=U4-21
Added Pin To Net: NetName=NETLABEL245 Pin=U4-22
Added Pin To Net: NetName=GND Pin=U4-23
Added Pin To Net: NetName=VCC Pin=U4-24
Added Pin To Net: NetName=DRDY Pin=U4-25
Added Pin To Net: NetName=INT Pin=U4-26
Added Pin To Net: NetName=NETLABEL242 Pin=U4-27
Added Pin To Net: NetName=NETLABEL241 Pin=U4-28
Added Pin To Net: NetName=NETLABEL240 Pin=U4-29
Added Pin To Net: NetName=NETLABEL239 Pin=U4-30
Added Pin To Net: NetName=NETLABEL238 Pin=U4-31
Added Pin To Net: NetName=NETLABEL237 Pin=U4-32
Added Pin To Net: NetName=NETLABEL236 Pin=U4-33
Added Pin To Net: NetName=NETLABEL235 Pin=U4-34
Added Pin To Net: NetName=GND Pin=U4-35
Added Pin To Net: NetName=VCC Pin=U4-36
Added Pin To Net: NetName=GND Pin=U4-44
Added Pin To Net: NetName=GND Pin=U4-47
Added Pin To Net: NetName=VCC Pin=U4-48
Added Member To Class: ClassName=STM32 Member=Component C13 Cap
Added Member To Class: ClassName=mainboard Member=Component P1 Left
Added Member To Class: ClassName=STM32 Member=Component U4 stm32f103c8t6
Added Room: Name=mainboard
Added Room: Name=power
Added Room: Name=STM32
